\BOOKMARK [0][-]{Doc-Start}{\376\377\000F\000o\000n\000d\000e\000m\000e\000n\000t\000s}{}% 1
\BOOKMARK [0][-]{section*.30}{\376\377\000A\000l\000g\000\350\000b\000r\000e}{}% 2
\BOOKMARK [1][-]{chapter*.52}{\376\377\000A\000p\000p\000l\000i\000c\000a\000t\000i\000o\000n\000s\000\040\000l\000i\000n\000\351\000a\000i\000r\000e\000s}{section*.30}% 3
\BOOKMARK [2][-]{section*.53}{\376\377\000D\000\351\000f\000i\000n\000i\000t\000i\000o\000n}{chapter*.52}% 4
\BOOKMARK [2][-]{section*.54}{\376\377\000P\000r\000o\000p\000r\000i\000\351\000t\000\351\000s}{chapter*.52}% 5
\BOOKMARK [2][-]{section*.55}{\376\377\000I\000m\000a\000g\000e\000\040\000e\000t\000\040\000N\000o\000y\000a\000u}{chapter*.52}% 6
\BOOKMARK [2][-]{section*.56}{\376\377\000C\000a\000r\000a\000c\000t\000\351\000r\000i\000s\000a\000t\000i\000o\000n\000s\000\040\000p\000a\000r\000\040\000l\000e\000s\000\040\000f\000a\000m\000i\000l\000l\000e\000s}{chapter*.52}% 7
\BOOKMARK [2][-]{section*.57}{\376\377\000E\000n\000d\000o\000m\000o\000r\000p\000h\000i\000s\000m\000e\000s\000\040\000r\000e\000m\000a\000r\000q\000u\000a\000b\000l\000e\000s}{chapter*.52}% 8
\BOOKMARK [2][-]{section*.58}{\376\377\000A\000p\000p\000l\000i\000c\000a\000t\000i\000o\000n\000s\000\040\000m\000u\000l\000t\000i\000l\000i\000n\000\351\000a\000i\000r\000e\000s}{chapter*.52}% 9
\BOOKMARK [1][-]{chapter*.59}{\376\377\000T\000h\000\351\000o\000r\000i\000e\000\040\000d\000e\000\040\000l\000a\000\040\000d\000i\000m\000e\000n\000s\000i\000o\000n}{section*.30}% 10
\BOOKMARK [2][-]{section*.60}{\376\377\000T\000h\000\351\000o\000r\000\350\000m\000e\000\040\000d\000e\000\040\000l\000a\000\040\000b\000a\000s\000e\000\040\000i\000n\000c\000o\000m\000p\000l\000\350\000t\000e}{chapter*.59}% 11
\BOOKMARK [2][-]{section*.61}{\376\377\000T\000h\000\351\000o\000r\000\350\000m\000e\000\040\000d\000e\000\040\000l\000a\000\040\000d\000i\000m\000e\000n\000s\000i\000o\000n}{chapter*.59}% 12
\BOOKMARK [2][-]{section*.62}{\376\377\000D\000\351\000f\000i\000n\000i\000t\000i\000o\000n\000\040\000d\000e\000\040\000l\000a\000\040\000d\000i\000m\000e\000n\000s\000i\000o\000n}{chapter*.59}% 13
\BOOKMARK [2][-]{section*.63}{\376\377\000E\000s\000p\000a\000c\000e\000s\000\040\000d\000e\000\040\000d\000i\000m\000e\000n\000s\000i\000o\000n\000\040\000f\000i\000n\000i\000e}{chapter*.59}% 14
\BOOKMARK [2][-]{section*.64}{\376\377\000R\000a\000n\000g}{chapter*.59}% 15
\BOOKMARK [2][-]{section*.65}{\376\377\000A\000p\000p\000l\000i\000c\000a\000t\000i\000o\000n\000s\000\040\000l\000i\000n\000\351\000a\000i\000r\000e\000s\000\040\000e\000n\000\040\000d\000i\000m\000e\000n\000s\000i\000o\000n\000\040\000f\000i\000n\000i\000e}{chapter*.59}% 16
\BOOKMARK [1][-]{chapter*.66}{\376\377\000E\000s\000p\000a\000c\000e\000\040\000d\000e\000s\000\040\000m\000a\000t\000r\000i\000c\000e\000s}{section*.30}% 17
\BOOKMARK [2][-]{section*.67}{\376\377\000D\000\351\000f\000i\000n\000i\000t\000i\000o\000n}{chapter*.66}% 18
\BOOKMARK [2][-]{section*.68}{\376\377\000P\000r\000o\000d\000u\000i\000t\000\040\000m\000a\000t\000r\000i\000c\000i\000e\000l}{chapter*.66}% 19
\BOOKMARK [2][-]{section*.69}{\376\377\000T\000r\000a\000n\000s\000p\000o\000s\000i\000t\000i\000o\000n}{chapter*.66}% 20
\BOOKMARK [2][-]{section*.70}{\376\377\000T\000r\000a\000c\000e}{chapter*.66}% 21
\BOOKMARK [2][-]{section*.71}{\376\377\000M\000a\000t\000r\000i\000c\000e\000\040\000d\000'\000u\000n\000e\000\040\000f\000a\000m\000i\000l\000l\000e\000\040\000d\000e\000\040\000v\000e\000c\000t\000e\000u\000r\000s}{chapter*.66}% 22
\BOOKMARK [2][-]{section*.72}{\376\377\000M\000a\000t\000r\000i\000c\000e\000\040\000d\000'\000u\000n\000e\000\040\000a\000p\000p\000l\000i\000c\000a\000t\000i\000o\000n\000\040\000l\000i\000n\000\351\000a\000i\000r\000e}{chapter*.66}% 23
\BOOKMARK [2][-]{section*.73}{\376\377\000M\000a\000t\000r\000i\000c\000e\000s\000\040\000i\000n\000v\000e\000r\000s\000i\000b\000l\000e\000s}{chapter*.66}% 24
\BOOKMARK [2][-]{section*.74}{\376\377\000R\000a\000n\000g\000\040\000d\000'\000u\000n\000e\000\040\000m\000a\000t\000r\000i\000c\000e}{chapter*.66}% 25
\BOOKMARK [2][-]{section*.75}{\376\377\000M\000a\000t\000r\000i\000c\000e\000\040\000d\000e\000\040\000p\000a\000s\000s\000a\000g\000e}{chapter*.66}% 26
\BOOKMARK [2][-]{section*.76}{\376\377\000M\000a\000t\000r\000i\000c\000e\000s\000\040\000s\000e\000m\000b\000l\000a\000b\000l\000e\000s}{chapter*.66}% 27
\BOOKMARK [2][-]{section*.77}{\376\377\000M\000a\000t\000r\000i\000c\000e\000s\000\040\000r\000e\000m\000a\000r\000q\000u\000a\000b\000l\000e\000s}{chapter*.66}% 28
\BOOKMARK [2][-]{section*.81}{\376\377\000E\000c\000h\000e\000l\000o\000n\000n\000e\000m\000e\000n\000t\000s\000\040\000e\000t\000\040\000c\000a\000l\000c\000u\000l\000s}{chapter*.66}% 29
\BOOKMARK [1][-]{chapter*.82}{\376\377\000D\000\351\000t\000e\000r\000m\000i\000n\000a\000n\000t}{section*.30}% 30
\BOOKMARK [2][-]{section*.83}{\376\377\000D\000\351\000f\000i\000n\000i\000t\000i\000o\000n}{chapter*.82}% 31
\BOOKMARK [2][-]{section*.84}{\376\377\000P\000r\000o\000p\000r\000i\000\351\000t\000\351\000s}{chapter*.82}% 32
\BOOKMARK [2][-]{section*.85}{\376\377\000C\000o\000f\000a\000c\000t\000e\000u\000r\000s}{chapter*.82}% 33
\BOOKMARK [2][-]{section*.86}{\376\377\000C\000o\000m\000a\000t\000r\000i\000c\000e}{chapter*.82}% 34
\BOOKMARK [2][-]{section*.87}{\376\377\000F\000o\000r\000m\000u\000l\000e\000s\000\040\000d\000e\000\040\000C\000r\000a\000m\000e\000r}{chapter*.82}% 35
\BOOKMARK [2][-]{section*.88}{\376\377\000I\000n\000t\000e\000r\000p\000r\000\351\000t\000a\000t\000i\000o\000n\000\040\000g\000\351\000o\000m\000\351\000t\000r\000i\000q\000u\000e}{chapter*.82}% 36
\BOOKMARK [0][-]{section*.88}{\376\377\000A\000n\000a\000l\000y\000s\000e}{}% 37
\BOOKMARK [1][-]{chapter*.112}{\376\377\000L\000i\000m\000i\000t\000e\000s}{section*.88}% 38
\BOOKMARK [2][-]{section*.113}{\376\377\000D\000\351\000f\000i\000n\000i\000t\000i\000o\000n}{chapter*.112}% 39
\BOOKMARK [2][-]{section*.114}{\376\377\000P\000r\000o\000p\000r\000i\000\351\000t\000\351\000s}{chapter*.112}% 40
\BOOKMARK [2][-]{section*.115}{\376\377\000C\000a\000r\000a\000c\000t\000\351\000r\000i\000s\000a\000t\000i\000o\000n\000\040\000s\000\351\000q\000u\000e\000n\000t\000i\000e\000l\000l\000e}{chapter*.112}% 41
\BOOKMARK [2][-]{section*.116}{\376\377\000C\000o\000m\000p\000a\000r\000a\000i\000s\000o\000n\000\040\000a\000s\000y\000m\000p\000t\000o\000t\000i\000q\000u\000e\000\040\000I\000I}{chapter*.112}% 42
\BOOKMARK [1][-]{chapter*.117}{\376\377\000C\000o\000n\000t\000i\000n\000u\000i\000t\000\351}{section*.88}% 43
\BOOKMARK [2][-]{section*.118}{\376\377\000D\000\351\000f\000i\000n\000i\000t\000i\000o\000n}{chapter*.117}% 44
\BOOKMARK [2][-]{section*.119}{\376\377\000P\000r\000o\000p\000r\000i\000\351\000t\000\351\000s}{chapter*.117}% 45
\BOOKMARK [2][-]{section*.120}{\376\377\000C\000a\000r\000a\000c\000t\000\351\000r\000i\000s\000a\000t\000i\000o\000n\000\040\000s\000\351\000q\000u\000e\000n\000t\000i\000e\000l\000l\000e}{chapter*.117}% 46
\BOOKMARK [2][-]{section*.121}{\376\377\000P\000r\000o\000l\000o\000n\000g\000e\000m\000e\000n\000t\000\040\000p\000a\000r\000\040\000c\000o\000n\000t\000i\000n\000u\000i\000t\000\351}{chapter*.117}% 47
\BOOKMARK [2][-]{section*.122}{\376\377\000T\000h\000\351\000o\000r\000\350\000m\000e\000s\000\040\000g\000\351\000n\000\351\000r\000a\000u\000x}{chapter*.117}% 48
\BOOKMARK [2][-]{section*.123}{\376\377\000C\000o\000n\000t\000i\000n\000u\000i\000t\000\351\000\040\000u\000n\000i\000f\000o\000r\000m\000e}{chapter*.117}% 49
\BOOKMARK [2][-]{section*.124}{\376\377\000L\000i\000p\000s\000c\000h\000i\000t\000z\000i\000a\000n\000i\000t\000\351}{chapter*.117}% 50
\BOOKMARK [2][-]{section*.125}{\376\377\000H\000o\000m\000\351\000o\000m\000o\000r\000p\000h\000i\000s\000m\000e\000s}{chapter*.117}% 51
\BOOKMARK [1][-]{chapter*.126}{\376\377\000D\000\351\000r\000i\000v\000a\000b\000i\000l\000i\000t\000\351}{section*.88}% 52
\BOOKMARK [2][-]{section*.127}{\376\377\000D\000\351\000f\000i\000n\000i\000t\000i\000o\000n}{chapter*.126}% 53
\BOOKMARK [2][-]{section*.128}{\376\377\000P\000r\000o\000p\000r\000i\000\351\000t\000\351\000s}{chapter*.126}% 54
\BOOKMARK [2][-]{section*.129}{\376\377\000E\000t\000u\000d\000e\000s\000\040\000d\000e\000s\000\040\000v\000a\000r\000i\000a\000t\000i\000o\000n\000s}{chapter*.126}% 55
\BOOKMARK [2][-]{section*.130}{\376\377\000C\000l\000a\000s\000s\000e\000s\000\040\000d\000e\000\040\000r\000\351\000g\000u\000l\000a\000r\000i\000t\000\351}{chapter*.126}% 56
\BOOKMARK [2][-]{section*.131}{\376\377\000D\000\351\000r\000i\000v\000a\000t\000i\000o\000n}{chapter*.126}% 57
\BOOKMARK [2][-]{section*.132}{\376\377\000A\000c\000c\000r\000o\000i\000s\000s\000e\000m\000e\000n\000t\000s\000\040\000f\000i\000n\000i\000s}{chapter*.126}% 58
\BOOKMARK [2][-]{section*.133}{\376\377\000T\000h\000\351\000o\000r\000\350\000m\000e\000\040\000d\000e\000\040\000l\000a\000\040\000l\000i\000m\000i\000t\000e\000\040\000d\000e\000\040\000l\000a\000\040\000d\000\351\000r\000i\000v\000\351\000e}{chapter*.126}% 59
\BOOKMARK [2][-]{section*.134}{\376\377\000D\000i\000f\000f\000\351\000o\000m\000o\000r\000p\000h\000i\000s\000m\000e\000s}{chapter*.126}% 60
\BOOKMARK [1][-]{chapter*.135}{\376\377\000C\000o\000n\000v\000e\000x\000i\000t\000\351}{section*.88}% 61
\BOOKMARK [2][-]{section*.136}{\376\377\000D\000\351\000f\000i\000n\000i\000t\000i\000o\000n}{chapter*.135}% 62
\BOOKMARK [2][-]{section*.137}{\376\377\000P\000r\000o\000p\000r\000i\000\351\000t\000\351\000s}{chapter*.135}% 63
\BOOKMARK [1][-]{chapter*.138}{\376\377\000D\000\351\000v\000e\000l\000o\000p\000p\000e\000m\000e\000n\000t\000s\000\040\000l\000i\000m\000i\000t\000\351\000s}{section*.88}% 64
\BOOKMARK [2][-]{section*.139}{\376\377\000D\000\351\000f\000i\000n\000i\000t\000i\000o\000n}{chapter*.138}% 65
\BOOKMARK [2][-]{section*.140}{\376\377\000P\000r\000o\000p\000r\000i\000\351\000t\000\351\000s}{chapter*.138}% 66
\BOOKMARK [2][-]{section*.141}{\376\377\000C\000h\000a\000n\000g\000e\000m\000e\000n\000t\000\040\000d\000e\000\040\000v\000o\000i\000s\000i\000n\000a\000g\000e}{chapter*.138}% 67
\BOOKMARK [2][-]{section*.142}{\376\377\000F\000o\000r\000m\000u\000l\000e\000\040\000d\000e\000\040\000T\000a\000y\000l\000o\000r\000-\000Y\000o\000u\000n\000g}{chapter*.138}% 68
\BOOKMARK [2][-]{section*.143}{\376\377\000I\000n\000t\000\351\000g\000r\000a\000t\000i\000o\000n\000\040\000d\000'\000u\000n\000\040\000d\000\351\000v\000e\000l\000o\000p\000p\000e\000m\000e\000n\000t\000\040\000l\000i\000m\000i\000t\000\351}{chapter*.138}% 69
\BOOKMARK [2][-]{section*.144}{\376\377\000D\000\351\000v\000e\000l\000o\000p\000p\000e\000m\000e\000n\000t\000s\000\040\000l\000i\000m\000m\000i\000t\000\351\000s\000\040\000u\000s\000u\000e\000l\000s}{chapter*.138}% 70
\BOOKMARK [1][-]{chapter*.145}{\376\377\000I\000n\000t\000\351\000g\000r\000a\000t\000i\000o\000n}{section*.88}% 71
\BOOKMARK [2][-]{section*.146}{\376\377\000D\000\351\000f\000i\000n\000i\000t\000i\000o\000n}{chapter*.145}% 72
\BOOKMARK [2][-]{section*.147}{\376\377\000C\000a\000r\000a\000c\000t\000\351\000r\000i\000s\000a\000t\000i\000o\000n}{chapter*.145}% 73
\BOOKMARK [2][-]{section*.148}{\376\377\000P\000r\000o\000p\000r\000i\000\351\000t\000\351\000s}{chapter*.145}% 74
\BOOKMARK [2][-]{section*.149}{\376\377\000T\000h\000\351\000o\000r\000\350\000m\000e\000\040\000f\000o\000n\000d\000a\000m\000e\000n\000t\000a\000l\000\040\000d\000u\000\040\000c\000a\000l\000c\000u\000l\000\040\000i\000n\000t\000\351\000g\000r\000a\000l}{chapter*.145}% 75
\BOOKMARK [2][-]{section*.150}{\376\377\000F\000o\000r\000m\000u\000l\000e\000\040\000d\000e\000\040\000l\000a\000\040\000m\000o\000y\000e\000n\000n\000e}{chapter*.145}% 76
\BOOKMARK [2][-]{section*.151}{\376\377\000S\000o\000m\000m\000e\000s\000\040\000d\000e\000\040\000R\000i\000e\000m\000a\000n\000n}{chapter*.145}% 77
\BOOKMARK [2][-]{section*.152}{\376\377\000T\000e\000c\000h\000n\000i\000q\000u\000e\000s\000\040\000d\000e\000\040\000c\000a\000l\000c\000u\000l\000\040\000g\000\351\000n\000\351\000r\000a\000l\000e\000s}{chapter*.145}% 78
\BOOKMARK [2][-]{section*.153}{\376\377\000I\000n\000t\000\351\000g\000r\000a\000t\000i\000o\000n\000\040\000d\000e\000\040\000f\000o\000n\000c\000t\000i\000o\000n\000s\000\040\000c\000o\000m\000p\000l\000e\000x\000e\000s}{chapter*.145}% 79
\BOOKMARK [2][-]{section*.154}{\376\377\000D\000\351\000c\000o\000m\000p\000o\000s\000i\000t\000i\000o\000n\000\040\000e\000n\000\040\000\351\000l\000\351\000m\000e\000n\000t\000s\000\040\000s\000i\000m\000p\000l\000e\000s}{chapter*.145}% 80
\BOOKMARK [2][-]{section*.155}{\376\377\000I\000n\000t\000\351\000g\000r\000a\000t\000i\000o\000n\000\040\000d\000e\000s\000\040\000\351\000l\000\351\000m\000e\000n\000t\000s\000\040\000s\000i\000m\000p\000l\000e\000s}{chapter*.145}% 81
\BOOKMARK [2][-]{section*.156}{\376\377\000P\000a\000r\000i\000t\000\351}{chapter*.145}% 82
